  new: 'programs.numbat'.
  new: 'services.remmina'.
  new: 'services.activitywatch'.
  new: 'programs.joplin-desktop'.
  new: 'programs.ranger'.
  new: 'programs.zk'
  new: 'services.arrpc'
  new: 'services.wob'.
  new: 'programs.mise'.
  new: 'programs.i3blocks'.
  new: 'programs.bemenu'.
  new: 'programs.sftpman'.
  new: 'services.osmscout-server'.
  new: 'programs.gradle'.
  new: 'programs.sapling'.
  new: 'services.signaturepdf'.
  new: 'programs.granted'.
  new: 'programs.cava'.
  new: 'services.darkman'.
  new: 'programs.thefuck'.
  new: 'programs.khard'.
  new: 'programs.wpaperd'.
  new: 'programs.awscli'.
  new: 'programs.bacon'.
  new: 'programs.carapace'.
  new: 'programs.yazi'.
  new: 'programs.pqiv'.
  new: 'programs.xplr'.
  new: 'programs.gh-dash'
  new: 'services.swayosd'
  new: 'programs.pyenv'.
  A new modules is available: 'programs.darcs'
  new: 'services.ssh-agent'
    - 'programs.comodoro' and
    - 'services.comodoro'
  new: 'programs.git-credential-oauth'.
  new: 'programs.boxxy'.
  new: 'programs.imv'.
  new: 'programs.rtx'.
  new: 'programs.ripgrep'.
  new: 'programs.script-directory'.
  new: 'programs.fuzzel'.
  new: 'programs.translate-shell'.
  new: 'programs.git-cliff'.
  new: 'programs.jujutsu'.
  new: 'programs.mr'.
  new: 'services.batsignal'.
  new: 'programs.hstr'.
  new: 'services.copyq'.
  new: 'services.listenbrainz-mpd'.
  new: 'services.avizo'.
  new: 'services.mpd-mpris'.
  new: 'services.autorandr'.
  new: 'programs.rbenv'.
  new: 'programs.wlogout'.
  new: 'programs.papis'.
  new: 'services.clipman'.
  new: 'services.cachix-agent'.
  new: 'services.megasync'.
  new: 'xfconf'.
  new: 'programs.looking-glass-client'.
  Two new modules are available:
    - 'programs.borgmatic' and
    - 'services.borgmatic'.
  use the first to configure the borgmatic tool and the second if you
  want to automatically run scheduled backups.
  new: 'programs.discocss'.
  new: 'programs.havoc'.
  new: 'programs.ledger'.
  new: 'programs.pls'.
  new: 'programs.tmate'.
  new: 'services.safeeyes'.
  new: 'xsession.windowManager.fluxbox'.
  new: 'programs.gallery-dl'.
  new: 'programs.nheko'.
  new: 'programs.btop'.
  new: 'editorconfig'.
  new: 'services.pueue'.
  new: 'programs.bashmount'.
  new: 'programs.wezterm'.
  new: 'programs.hyfetch'.
  new: 'services.recoll'.
  new: 'programs.librewolf'.
  new: 'services.sctd'.
  new: 'programs.pistol'.
  new: 'programs.micro'.
  new: 'programs.mujmap'.
  new: 'services.mopidy'.
  new: 'programs.tealdeer'.
  new: 'services.fusuma'.
  new: 'programs.pubs'.
  new: 'programs.just'.
  new: 'programs.gitui'.
  new: 'services.espanso'.
  new: 'programs.eww'.
  new: 'services.twmn'.
  new: 'programs.kodi'.
  new: 'programs.pandoc'.
  new: 'programs.tint2'.
  new: 'programs.timidity'.
  new: 'programs.watson'.
  new: 'programs.helix'.
  new: 'programs.sagemath'.
  new: 'xsession.windowManager.herbstluftwm'.
  new: 'services.systembus-notify'.
  new: 'services.opensnitch-ui'.
  new: 'services.gromit-mpx'.
  new: 'programs.navi'.
  new: 'programs.sqls'.
  new: 'programs.hexchat'.
  new: 'programs.nnn'.
  new: 'programs.atuin'.
  new: 'programs.bottom'.
  new: 'services.betterlockscreen'.
  new: 'services.fnott'.
  new: 'services.git-sync'.
  new: 'services.easyeffects'.
  new: 'programs.java'.
  new: 'services.trayer'.
  new: 'services.notify-osd'.
  new: 'services.xsettingsd'.
  new: 'services.volnoti'.
  new: 'programs.sm64ex'.
  new: 'i18n.inputMethod'.
  new: 'programs.himalaya'.
  new: 'programs.mangohud'.
  new: 'services.pantalaimon'.
  new: 'services.xidlehook'.
